<?xml version="1.0" encoding="UTF-8"?>
<testng-results total="1" passed="1" failed="0" skipped="0">
  <reporter-output>
  </reporter-output>
  <suite started-at="2021-06-23T21:05:39Z" name="Suite" finished-at="2021-06-23T21:06:47Z" duration-ms="68320">
    <groups>
    </groups>
    <test started-at="2021-06-23T21:05:39Z" name="Test" finished-at="2021-06-23T21:06:47Z" duration-ms="68320">
      <class name="automation.Fusion">
        <test-method is-config="true" signature="Setup(org.testng.ITestContext)[pri:0, instance:automation.Fusion@9225652]" started-at="2021-06-23T17:05:39Z" name="Setup" finished-at="2021-06-23T17:05:39Z" duration-ms="180" status="PASS">
          <params>
            <param index="0">
              <value>
                <![CDATA[org.testng.TestRunner@33a47707]]>
              </value>
            </param>
          </params>
          <reporter-output>
          </reporter-output>
        </test-method> <!-- Setup -->
        <test-method is-config="true" signature="initialize1()[pri:0, instance:automation.Fusion@9225652]" started-at="2021-06-23T17:05:39Z" name="initialize1" finished-at="2021-06-23T17:05:42Z" duration-ms="2465" status="PASS">
          <reporter-output>
          </reporter-output>
        </test-method> <!-- initialize1 -->
        <test-method signature="m1()[pri:0, instance:automation.Fusion@9225652]" started-at="2021-06-23T17:05:42Z" name="m1" finished-at="2021-06-23T17:06:47Z" duration-ms="65834" status="PASS">
          <reporter-output>
          </reporter-output>
        </test-method> <!-- m1 -->
        <test-method is-config="true" signature="tearDown(org.testng.ITestContext)[pri:0, instance:automation.Fusion@9225652]" started-at="2021-06-23T17:06:48Z" name="tearDown" finished-at="2021-06-23T17:06:48Z" duration-ms="8" status="PASS">
          <params>
            <param index="0">
              <value>
                <![CDATA[org.testng.TestRunner@33a47707]]>
              </value>
            </param>
          </params>
          <reporter-output>
          </reporter-output>
        </test-method> <!-- tearDown -->
      </class> <!-- automation.Fusion -->
    </test> <!-- Test -->
  </suite> <!-- Suite -->
</testng-results>
